Nov 05, 2025 11:16:42 AM Rule run
SEVERE: Origin directory does not exist: asf
Nov 05, 2025 11:17:41 AM Rule run
SEVERE: Origin directory does not exist: asf
Nov 05, 2025 11:17:49 AM Rule run
SEVERE: Origin directory does not exist: asffa
Nov 05, 2025 11:17:50 AM Rule run
SEVERE: Origin directory does not exist: asffa
Nov 05, 2025 11:17:51 AM Rule run
SEVERE: Origin directory does not exist: asffa
Nov 05, 2025 11:17:59 AM Rule run
SEVERE: Origin directory does not exist: sdfadsfasdf
Nov 05, 2025 11:24:10 AM Rule run
SEVERE: Origin directory does not exist: Destination
נוב׳ 12, 2025 11:49:19 AM Rule run
INFO: Moved Test2.html to Folder 3 with code 1
נוב׳ 12, 2025 11:49:20 AM Rule run
INFO: Moved Test1.java to Folder 2 with code 1
נוב׳ 12, 2025 11:49:20 AM Rule run
INFO: Moved Temporary File.txt to Folder 1 with code 1
נוב׳ 12, 2025 11:49:20 AM Rule run
INFO: Moved Test3.txt to Folder 1 with code 1
Nov 19, 2025 11:30:44 AM Rule run
SEVERE: Origin directory does not exist: source
Nov 19, 2025 11:33:15 AM Rule run
INFO: Moved d.java to destination with code 1
Nov 19, 2025 11:33:15 AM Rule run
SEVERE: Origin directory does not exist: source
